<?xml version="1.0" encoding="UTF-8"?>
<testsuite name="agh.ii.prinjava.proj1.impl.MyQueueDLLBImplTest" tests="1" skipped="0" failures="0" errors="0" timestamp="2021-10-22T05:01:21" hostname="ORION" time="0.018">
  <properties/>
  <testcase name="numOfElems()" classname="agh.ii.prinjava.proj1.impl.MyQueueDLLBImplTest" time="0.018"/>
  <system-out><![CDATA[]]></system-out>
  <system-err><![CDATA[]]></system-err>
</testsuite>
